2025-02-07 18:42:30,039 - ERROR - Error loading CSV file: [Errno 2] No such file or directory: 'Backend/Data/world_population.csv'
2025-02-07 18:44:09,012 - ERROR - Error loading CSV file: [Errno 2] No such file or directory: 'backend/Data/world_population.csv'
2025-02-07 18:46:51,355 - INFO - CSV file loaded successfully.
2025-02-07 18:46:51,441 - INFO - Data processing completed.
2025-02-07 18:46:51,500 - INFO - Starting FastAPI application...
2025-02-07 18:46:51,618 - INFO - Will watch for changes in these directories: ['C:\\chitu\\population_api\\backend']
2025-02-07 18:46:51,640 - INFO - Uvicorn running on http://127.0.0.1:8000 (Press CTRL+C to quit)
2025-02-07 18:46:51,660 - INFO - Started reloader process [6252] using WatchFiles
2025-02-07 18:46:56,484 - INFO - 1 change detected
2025-02-07 18:46:59,287 - INFO - CSV file loaded successfully.
2025-02-07 18:46:59,337 - INFO - Data processing completed.
2025-02-07 18:46:59,385 - INFO - Starting FastAPI application...
2025-02-07 18:46:59,388 - INFO - Started server process [10616]
2025-02-07 18:46:59,412 - INFO - Waiting for application startup.
2025-02-07 18:46:59,419 - INFO - Application startup complete.
2025-02-07 18:47:28,558 - INFO - Home endpoint accessed
2025-02-07 18:48:41,054 - INFO - 1 change detected
2025-02-07 18:48:41,431 - INFO - 1 change detected
2025-02-07 18:48:41,821 - INFO - 1 change de
2025-02-07 18:59:13,483 - INFO - CSV file loaded successfully.
2025-02-07 18:59:13,532 - INFO - Data processing completed.
2025-02-07 18:59:13,582 - INFO - Starting FastAPI application...
2025-02-07 18:59:14,078 - INFO - Will watch for changes in these directories: ['C:\\chitu\\population_api\\backend']
2025-02-07 18:59:14,100 - INFO - Uvicorn running on http://127.0.0.1:8000 (Press CTRL+C to quit)
2025-02-07 18:59:14,111 - INFO - Started reloader process [12852] using WatchFiles
2025-02-07 18:59:20,971 - INFO - CSV file loaded successfully.
2025-02-07 18:59:21,021 - INFO - Data processing completed.
2025-02-07 18:59:21,067 - INFO - Starting FastAPI application...
2025-02-07 18:59:21,070 - INFO - Started server process [2820]
2025-02-07 18:59:21,090 - INFO - Waiting for application startup.
2025-02-07 18:59:21,100 - INFO - Application startup complete.
2025-02-07 18:59:38,200 - INFO - Fetching list of continents.
2025-02-07 18:59:38,203 - INFO - Fetching all continents.
2025-02-07 18:59:45,760 - INFO - 1 change detected
2025-02-07 18:59:46,134 - INFO - 1 change detected
2025-02-07 18:59:46,569 - INFO - 1 change detected
2025-02-07 18:59:46,987 - INFO - 1 change detected
2025-02-07 18:59:47,347 - INFO - 1 change detected
2025-02-07 18:59:47,710 - INFO - 1 change detected
2025-02-07 18:59:48,073 - INFO - 1 change detected
2025-02-07 18:59:48,432 - INFO - 1 change detected
2025-02-07 18:59:48,790 - INFO - 1 change detected
2025-02-07 18:59:49,149 - INFO - 1 change detected
2025-02-07 18:59:49,509 - INFO - 1 change detected
2025-02-07 18:59:49,867 - INFO - 1 change detected
2025-02-07 18:59:50,228 - INFO - 1 change detected
2025-02-07 18:59:50,585 - INFO - 1 change detected
2025-02-07 18:59:50,944 - INFO - 1 change detected
2025-02-07 18:59:51,304 - INFO - 1 change detected
2025-02-07 18:59:51,661 - INFO - 1 change detected
2025-02-07 18:59:52,020 - INFO - 1 change detected
2025-02-07 18:59:52,378 - INFO - 1 change detected
2025-02-07 18:59:52,737 - INFO - 1 change detected
2025-02-07 18:59:53,100 - INFO - 1 change detected
2025-02-07 18:59:53,455 - INFO - 1 change detected
2025-02-07 18:59:53,868 - INFO - 1 change detected
2025-02-07 18:59:54,226 - INFO - 1 change detected
2025-02-07 18:59:54,589 - INFO - 1 change detected
2025-02-07 18:59:54,947 - INFO - 1 change detected
2025-02-07 18:59:55,306 - INFO - 1 change detected
2025-02-07 18:59:55,665 - INFO - 1 change detected
2025-02-07 18:59:56,019 - INFO - 1 change detected
2025-02-07 18:59:56,634 - INFO - 1 change detected
2025-02-07 18:59:57,022 - INFO - 1 change detected
2025-02-07 18:59:57,430 - INFO - 1 change detected
2025-02-07 18:59:57,847 - INFO - 1 change detected
2025-02-07 18:59:58,252 - INFO - 1 change detected
2025-02-07 18:59:58,655 - INFO - 1 change detected
2025-02-07 18:59:59,074 - INFO - 1 change detected
2025-02-07 18:59:59,494 - INFO - 1 change detected
2025-02-07 18:59:59,897 - INFO - 1 change detected
2025-02-07 19:00:00,304 - INFO - 1 change detected
2025-02-07 19:00:00,769 - INFO - 1 change detected
2025-02-07 19:00:01,135 - INFO - 1 change detected
2025-02-07 19:00:01,547 - INFO - 1 change detected
2025-02-07 19:00:01,950 - INFO - 1 change detected
2025-02-07 19:00:02,366 - INFO - 1 change detected
2025-02-07 19:00:02,771 - INFO - 1 change detected
2025-02-07 19:00:03,180 - INFO - 1 change detected
2025-02-07 19:00:03,585 - INFO - 1 change detected
2025-02-07 19:00:04,094 - INFO - 1 change detected
2025-02-07 19:00:04,457 - INFO - 1 change detected
2025-02-07 19:00:04,865 - INFO - 1 change detected
2025-02-07 19:00:05,269 - INFO - 1 change detected
2025-02-07 19:00:05,675 - INFO - 1 change detected
2025-02-07 19:00:06,135 - INFO - 1 change detected
2025-02-07 19:00:06,497 - INFO - 1 change detected
2025-02-07 19:00:06,903 - INFO - 1 change detected
2025-02-07 19:00:07,315 - INFO - 1 change detected
2025-02-07 19:00:07,723 - INFO - 1 change detected
2025-02-07 19:00:08,137 - INFO - 1 change detected
2025-02-07 19:00:08,546 - INFO - 1 change detected
2025-02-07 19:00:08,949 - INFO - 1 change detected
2025-02-07 19:00:09,357 - INFO - 1 change detected
2025-02-07 19:00:09,813 - INFO - 1 change detected
2025-02-07 19:00:10,270 - INFO - 1 change detected
2025-02-07 19:00:10,675 - INFO - 1 change detected
2025-02-07 19:00:11,036 - INFO - 1 change detected
2025-02-07 19:00:11,452 - INFO - 1 change detected
2025-02-07 19:00:11,466 - INFO - Shutting down
2025-02-07 19:00:11,573 - INFO - Waiting for application shutdown.
2025-02-07 19:00:11,579 - INFO - Application shutdown complete.
2025-02-07 19:00:11,584 - INFO - Finished server process [2820]
2025-02-07 19:00:12,039 - INFO - Stopping reloader process [12852]
2025-02-07 19:09:32,030 - INFO - CSV file loaded successfully.
2025-02-07 19:09:32,078 - INFO - Data processing completed.
2025-02-07 19:10:01,801 - INFO - CSV file loaded successfully.
2025-02-07 19:10:01,843 - INFO - Data processing completed.
2025-02-07 19:10:25,356 - INFO - CSV file loaded successfully.
2025-02-07 19:10:25,421 - INFO - Data processing completed.
2025-02-07 19:10:25,514 - INFO - Starting FastAPI application...
2025-02-07 19:10:25,673 - INFO - Will watch for changes in these directories: ['C:\\chitu\\population_api\\backend']
2025-02-07 19:10:25,692 - INFO - Uvicorn running on http://127.0.0.1:8000 (Press CTRL+C to quit)
2025-02-07 19:10:25,708 - INFO - Started reloader process [9352] using WatchFiles
2025-02-07 19:10:32,520 - INFO - CSV file loaded successfully.
2025-02-07 19:10:32,593 - INFO - Data processing completed.
2025-02-07 19:10:32,665 - INFO - Starting FastAPI application...
2025-02-07 19:10:32,667 - INFO - Started server process [3260]
2025-02-07 19:10:32,683 - INFO - Waiting for application startup.
2025-02-07 19:10:32,690 - INFO - Application startup complete.
2025-02-07 19:12:15,266 - INFO - Fetching all continents
2025-02-07 19:12:15,268 - INFO - Fetching all continents.
2025-02-07 19:12:31,421 - INFO - Fetching all continents
2025-02-07 19:12:31,431 - INFO - Fetching all continents.
2025-02-07 19:14:56,183 - INFO - 1 change detected
2025-02-07 19:15:06,615 - INFO - 3 changes detected
2025-02-07 19:15:29,952 - INFO - 1 change detected
2025-02-07 19:15:29,965 - WARNING - WatchFiles detected changes in 'population_pandas.py'. Reloading...
2025-02-07 19:15:30,127 - INFO - Shutting down
2025-02-07 19:15:30,253 - INFO - Waiting for application shutdown.
2025-02-07 19:15:30,259 - INFO - Application shutdown complete.
2025-02-07 19:15:30,268 - INFO - Finished server process [3260]
2025-02-07 19:15:31,437 - INFO - 1 change detected
2025-02-07 19:15:37,840 - INFO - 5 changes detected
2025-02-07 19:15:40,666 - INFO - CSV file loaded successfully.
2025-02-07 19:15:40,742 - INFO - Data processing completed.
2025-02-07 19:15:40,810 - INFO - Starting FastAPI application...
2025-02-07 19:15:40,816 - INFO - Started server process [12804]
2025-02-07 19:15:40,848 - INFO - Waiting for application startup.
2025-02-07 19:15:40,856 - INFO - Application startup complete.
2025-02-07 19:16:31,840 - INFO - Shutting down
2025-02-07 19:16:31,950 - INFO - Waiting for application shutdown.
2025-02-07 19:16:31,955 - INFO - Application shutdown complete.
2025-02-07 19:16:31,960 - INFO - Finished server process [12804]
2025-02-07 19:16:32,433 - INFO - Stopping reloader process [9352]
